2025-11-10 23:04:15,273 - fastapi - ERROR - Form data requires "python-multipart" to be installed. 
You can install "python-multipart" with: 

pip install python-multipart

2025-11-10 23:04:48,570 - main - INFO - Starting OCR API service...
2025-11-10 23:04:48,571 - main - INFO - Initializing PaddleOCR instance...
2025-11-10 23:04:48,571 - main - ERROR - Failed to initialize PaddleOCR: `use_angle_cls` and `use_textline_orientation` are mutually exclusive.
2025-11-10 23:04:48,571 - main - CRITICAL - Failed to start service: `use_angle_cls` and `use_textline_orientation` are mutually exclusive.
2025-11-10 23:06:00,520 - main - INFO - Starting OCR API service...
2025-11-10 23:06:00,520 - main - INFO - Initializing PaddleOCR instance...
2025-11-10 23:07:01,971 - main - ERROR - OCR processing failed: PaddleOCR.predict() got an unexpected keyword argument 'cls'
Traceback (most recent call last):
  File "/home/anand/yoyo/paddle/main.py", line 156, in extract_text
    result = ocr.ocr(temp_file_path, cls=False)
             ^^^^^^^^^^^^^^^^^^^^^^^^^^^^^^^^^^
  File "/home/anand/yoyo/paddle/.v/lib/python3.11/site-packages/typing_extensions.py", line 3004, in wrapper
    return arg(*args, **kwargs)
           ^^^^^^^^^^^^^^^^^^^^
  File "/home/anand/yoyo/paddle/.v/lib/python3.11/site-packages/paddleocr/_pipelines/ocr.py", line 231, in ocr
    return self.predict(img, **kwargs)
           ^^^^^^^^^^^^^^^^^^^^^^^^^^^
TypeError: PaddleOCR.predict() got an unexpected keyword argument 'cls'
2025-11-10 23:07:12,131 - main - ERROR - OCR processing failed: PaddleOCR.predict() got an unexpected keyword argument 'cls'
Traceback (most recent call last):
  File "/home/anand/yoyo/paddle/main.py", line 156, in extract_text
    result = ocr.ocr(temp_file_path, cls=False)
             ^^^^^^^^^^^^^^^^^^^^^^^^^^^^^^^^^^
  File "/home/anand/yoyo/paddle/.v/lib/python3.11/site-packages/typing_extensions.py", line 3004, in wrapper
    return arg(*args, **kwargs)
           ^^^^^^^^^^^^^^^^^^^^
  File "/home/anand/yoyo/paddle/.v/lib/python3.11/site-packages/paddleocr/_pipelines/ocr.py", line 231, in ocr
    return self.predict(img, **kwargs)
           ^^^^^^^^^^^^^^^^^^^^^^^^^^^
TypeError: PaddleOCR.predict() got an unexpected keyword argument 'cls'
2025-11-10 23:08:01,024 - main - INFO - Starting OCR API service...
2025-11-10 23:08:01,024 - main - INFO - Initializing PaddleOCR instance...
2025-11-10 23:08:15,210 - main - INFO - Starting OCR API service...
2025-11-10 23:08:15,210 - main - INFO - Initializing PaddleOCR instance...
2025-11-10 23:08:32,537 - main - ERROR - OCR processing failed: string index out of range
Traceback (most recent call last):
  File "/home/anand/yoyo/paddle/main.py", line 173, in extract_text
    confidence = line[1][1]
                 ~~~~~~~^^^
IndexError: string index out of range
2025-11-10 23:10:08,866 - main - WARNING - Invalid file type: application/pdf
2025-11-10 23:10:48,825 - main - ERROR - OCR processing failed: string index out of range
Traceback (most recent call last):
  File "/home/anand/yoyo/paddle/main.py", line 173, in extract_text
    confidence = line[1][1]
                 ~~~~~~~^^^
IndexError: string index out of range
2025-11-10 23:12:24,012 - main - INFO - Starting OCR API service...
2025-11-10 23:12:24,012 - main - INFO - Initializing PaddleOCR instance...
2025-11-10 23:15:47,110 - main - INFO - Starting OCR API service...
2025-11-10 23:15:47,110 - main - INFO - Initializing PaddleOCR instance...
2025-11-10 23:16:17,161 - main - INFO - Starting OCR API service...
2025-11-10 23:16:17,161 - main - INFO - Initializing PaddleOCR instance...
2025-11-10 23:16:50,855 - main - INFO - Starting OCR API service...
2025-11-10 23:16:50,855 - main - INFO - Initializing PaddleOCR instance...
2025-11-10 23:16:59,880 - main - INFO - Starting OCR API service...
2025-11-10 23:16:59,880 - main - INFO - Initializing PaddleOCR instance...
2025-11-10 23:41:05,800 - main - INFO - Starting OCR API service...
2025-11-10 23:41:05,801 - main - INFO - Initializing PaddleOCR instance...
